<?xml version="1.0" encoding="UTF-8"?>
<!-- Generated by org.testng.reporters.JUnitReportReporter -->
<testsuite hostname="Yeasin" failures="0" tests="6" name="api.test.DataDrivenTests" time="2.545" errors="0" timestamp="2024-10-09T07:41:43 EDT" skipped="0">
  <testcase classname="api.test.DataDrivenTests" name="testPostUser" time="1.885"/>
  <testcase classname="api.test.DataDrivenTests" name="testPostUser" time="0.114"/>
  <testcase classname="api.test.DataDrivenTests" name="testPostUser" time="0.138"/>
  <testcase classname="api.test.DataDrivenTests" name="testDeleteUserByName" time="0.100"/>
  <testcase classname="api.test.DataDrivenTests" name="testDeleteUserByName" time="0.208"/>
  <testcase classname="api.test.DataDrivenTests" name="testDeleteUserByName" time="0.100"/>
</testsuite> <!-- api.test.DataDrivenTests -->
