<?xml version="1.0" encoding="UTF-8"?>
<!-- Generated by org.testng.reporters.JUnitReportReporter -->
<testsuite hostname="Yeasin" failures="0" tests="4" name="api.test.UserTests" time="2.768" errors="0" timestamp="2024-10-08T07:24:54 EDT" skipped="0">
  <testcase classname="api.test.UserTests" name="testPostUser" time="2.281"/>
  <testcase classname="api.test.UserTests" name="testGetUserByName" time="0.133"/>
  <testcase classname="api.test.UserTests" name="testUpdateByName" time="0.227"/>
  <testcase classname="api.test.UserTests" name="testDeleteUserByName" time="0.127"/>
</testsuite> <!-- api.test.UserTests -->
