<?xml version="1.0" encoding="UTF-8"?>
<!-- Generated by org.testng.reporters.JUnitReportReporter -->
<testsuite hostname="Yeasin" failures="0" tests="4" name="api.test.UserTests" time="2.500" errors="0" timestamp="2024-10-09T08:00:10 EDT" skipped="0">
  <testcase classname="api.test.UserTests" name="testPostUser" time="1.877"/>
  <testcase classname="api.test.UserTests" name="testGetUserByName" time="0.175"/>
  <testcase classname="api.test.UserTests" name="testUpdateByName" time="0.310"/>
  <testcase classname="api.test.UserTests" name="testDeleteUserByName" time="0.138"/>
</testsuite> <!-- api.test.UserTests -->
